2019-08-09 11:04:48,826 read_excel.py[line:6] INFO 初始化表格
2019-08-09 11:04:48,847 read_excel.py[line:22] INFO 读取表格数据
2019-08-09 11:04:48,848 mysql_db.py[line:31] INFO ====init data====
2019-08-09 11:04:48,848 mysql_db.py[line:32] INFO 连接数据库
2019-08-09 11:04:48,850 mysql_db.py[line:81] INFO 开始数据处理
2019-08-09 11:04:48,850 mysql_db.py[line:31] INFO ====init data====
2019-08-09 11:04:48,850 mysql_db.py[line:32] INFO 连接数据库
2019-08-09 11:04:48,851 mysql_db.py[line:73] INFO 初始化数据库
2019-08-09 11:04:48,851 mysql_db.py[line:40] INFO 清除表数据
2019-08-09 11:04:48,872 mysql_db.py[line:51] INFO 插入表数据
2019-08-09 11:04:48,873 mysql_db.py[line:51] INFO 插入表数据
2019-08-09 11:04:48,876 mysql_db.py[line:51] INFO 插入表数据
2019-08-09 11:04:48,878 mysql_db.py[line:51] INFO 插入表数据
2019-08-09 11:04:48,879 mysql_db.py[line:51] INFO 插入表数据
2019-08-09 11:04:48,880 mysql_db.py[line:40] INFO 清除表数据
2019-08-09 11:04:48,892 mysql_db.py[line:51] INFO 插入表数据
2019-08-09 11:04:48,894 mysql_db.py[line:51] INFO 插入表数据
2019-08-09 11:04:48,895 mysql_db.py[line:51] INFO 插入表数据
2019-08-09 11:04:48,896 mysql_db.py[line:51] INFO 插入表数据
2019-08-09 11:04:48,898 mysql_db.py[line:51] INFO 插入表数据
2019-08-09 11:04:48,900 mysql_db.py[line:67] INFO 关闭数据库连接
2019-08-09 11:04:48,900 mysql_db.py[line:69] INFO ======init data finished!=====
2019-08-09 11:04:48,900 test_data.py[line:20] INFO 接口测试开始
2019-08-09 11:04:48,900 test_data.py[line:29] INFO 处理用例数据
2019-08-09 11:04:48,900 data_get.py[line:23] INFO 开始获取数据
2019-08-09 11:04:48,901 data_get.py[line:12] INFO 遍历取出数据
2019-08-09 11:04:48,901 test_data.py[line:45] INFO POST请求
2019-08-09 11:04:48,905 test_data.py[line:54] INFO 断言assertEqual
2019-08-09 11:04:48,905 test_data.py[line:29] INFO 处理用例数据
2019-08-09 11:04:48,905 data_get.py[line:23] INFO 开始获取数据
2019-08-09 11:04:48,907 data_get.py[line:12] INFO 遍历取出数据
2019-08-09 11:04:48,907 test_data.py[line:45] INFO POST请求
2019-08-09 11:04:48,918 test_data.py[line:54] INFO 断言assertEqual
2019-08-09 11:04:48,918 test_data.py[line:29] INFO 处理用例数据
2019-08-09 11:04:48,918 data_get.py[line:23] INFO 开始获取数据
2019-08-09 11:04:48,919 data_get.py[line:12] INFO 遍历取出数据
2019-08-09 11:04:48,919 test_data.py[line:45] INFO POST请求
2019-08-09 11:04:48,937 test_data.py[line:54] INFO 断言assertEqual
2019-08-09 11:04:48,937 test_data.py[line:29] INFO 处理用例数据
2019-08-09 11:04:48,937 data_get.py[line:23] INFO 开始获取数据
2019-08-09 11:04:48,937 data_get.py[line:12] INFO 遍历取出数据
2019-08-09 11:04:48,937 test_data.py[line:45] INFO POST请求
2019-08-09 11:04:48,956 test_data.py[line:51] INFO 断言assertIn
2019-08-09 11:04:48,956 test_data.py[line:29] INFO 处理用例数据
2019-08-09 11:04:48,956 data_get.py[line:23] INFO 开始获取数据
2019-08-09 11:04:48,956 data_get.py[line:12] INFO 遍历取出数据
2019-08-09 11:04:48,956 test_data.py[line:45] INFO POST请求
2019-08-09 11:04:48,975 test_data.py[line:54] INFO 断言assertEqual
2019-08-09 11:04:48,975 test_data.py[line:24] INFO 接口测试结束
