2019-08-09 10:40:15,110 read_excel.py[line:6] INFO 初始化表格
2019-08-09 10:40:15,130 read_excel.py[line:22] INFO 读取表格数据
2019-08-09 10:40:15,131 mysql_db.py[line:31] INFO ====init data====
2019-08-09 10:40:15,131 mysql_db.py[line:32] INFO 连接数据库
2019-08-09 10:40:15,133 mysql_db.py[line:81] INFO 开始数据处理
2019-08-09 10:40:15,133 mysql_db.py[line:31] INFO ====init data====
2019-08-09 10:40:15,133 mysql_db.py[line:32] INFO 连接数据库
2019-08-09 10:40:15,144 mysql_db.py[line:73] INFO 初始化数据库
2019-08-09 10:40:15,145 mysql_db.py[line:40] INFO 清除表数据
2019-08-09 10:40:15,167 mysql_db.py[line:51] INFO 插入表数据
2019-08-09 10:40:15,168 mysql_db.py[line:51] INFO 插入表数据
2019-08-09 10:40:15,170 mysql_db.py[line:51] INFO 插入表数据
2019-08-09 10:40:15,172 mysql_db.py[line:51] INFO 插入表数据
2019-08-09 10:40:15,174 mysql_db.py[line:51] INFO 插入表数据
2019-08-09 10:40:15,175 mysql_db.py[line:40] INFO 清除表数据
2019-08-09 10:40:15,198 mysql_db.py[line:51] INFO 插入表数据
2019-08-09 10:40:15,200 mysql_db.py[line:51] INFO 插入表数据
2019-08-09 10:40:15,201 mysql_db.py[line:51] INFO 插入表数据
2019-08-09 10:40:15,203 mysql_db.py[line:51] INFO 插入表数据
2019-08-09 10:40:15,204 mysql_db.py[line:51] INFO 插入表数据
2019-08-09 10:40:15,206 mysql_db.py[line:67] INFO 关闭数据库连接
2019-08-09 10:40:15,206 mysql_db.py[line:69] INFO ======init data finished!=====
2019-08-09 10:40:15,206 test_data.py[line:20] INFO 接口测试开始
2019-08-09 10:40:15,206 test_data.py[line:29] INFO 处理用例数据
2019-08-09 10:40:15,206 data_get.py[line:23] INFO 开始获取数据
2019-08-09 10:40:15,206 data_get.py[line:12] INFO 遍历取出数据
2019-08-09 10:40:15,207 test_data.py[line:45] INFO POST请求
2019-08-09 10:40:15,211 test_data.py[line:54] INFO 断言assertEqual
2019-08-09 10:40:15,211 test_data.py[line:29] INFO 处理用例数据
2019-08-09 10:40:15,211 data_get.py[line:23] INFO 开始获取数据
2019-08-09 10:40:15,212 data_get.py[line:12] INFO 遍历取出数据
2019-08-09 10:40:15,212 test_data.py[line:45] INFO POST请求
2019-08-09 10:40:15,214 test_data.py[line:54] INFO 断言assertEqual
2019-08-09 10:40:15,215 test_data.py[line:29] INFO 处理用例数据
2019-08-09 10:40:15,215 data_get.py[line:23] INFO 开始获取数据
2019-08-09 10:40:15,216 data_get.py[line:12] INFO 遍历取出数据
2019-08-09 10:40:15,216 test_data.py[line:45] INFO POST请求
2019-08-09 10:40:15,218 test_data.py[line:54] INFO 断言assertEqual
2019-08-09 10:40:15,219 test_data.py[line:29] INFO 处理用例数据
2019-08-09 10:40:15,219 data_get.py[line:23] INFO 开始获取数据
2019-08-09 10:40:15,219 data_get.py[line:12] INFO 遍历取出数据
2019-08-09 10:40:15,219 test_data.py[line:45] INFO POST请求
2019-08-09 10:40:15,222 test_data.py[line:51] INFO 断言assertIn
2019-08-09 10:40:15,223 test_data.py[line:29] INFO 处理用例数据
2019-08-09 10:40:15,223 data_get.py[line:23] INFO 开始获取数据
2019-08-09 10:40:15,223 data_get.py[line:12] INFO 遍历取出数据
2019-08-09 10:40:15,223 test_data.py[line:45] INFO POST请求
2019-08-09 10:40:15,226 test_data.py[line:54] INFO 断言assertEqual
2019-08-09 10:40:15,226 test_data.py[line:24] INFO 接口测试结束
