2019-08-09 15:05:18,081 test_data.py[line:20] INFO 接口测试开始
2019-08-09 15:05:18,081 test_data.py[line:29] INFO 处理用例数据
2019-08-09 15:05:18,081 test_data.py[line:45] INFO POST请求
2019-08-09 15:05:18,086 test_data.py[line:54] INFO 断言assertEqual
2019-08-09 15:05:18,086 test_data.py[line:29] INFO 处理用例数据
2019-08-09 15:05:18,087 test_data.py[line:45] INFO POST请求
2019-08-09 15:05:18,093 test_data.py[line:54] INFO 断言assertEqual
2019-08-09 15:05:18,093 test_data.py[line:29] INFO 处理用例数据
2019-08-09 15:05:18,094 test_data.py[line:45] INFO POST请求
2019-08-09 15:05:18,100 test_data.py[line:54] INFO 断言assertEqual
2019-08-09 15:05:18,100 test_data.py[line:29] INFO 处理用例数据
2019-08-09 15:05:18,100 test_data.py[line:45] INFO POST请求
2019-08-09 15:05:18,107 test_data.py[line:51] INFO 断言assertIn
2019-08-09 15:05:18,107 test_data.py[line:29] INFO 处理用例数据
2019-08-09 15:05:18,108 test_data.py[line:45] INFO POST请求
2019-08-09 15:05:18,116 test_data.py[line:54] INFO 断言assertEqual
2019-08-09 15:05:18,116 test_data.py[line:24] INFO 接口测试结束
2019-08-09 15:05:18,117 run_all_test.py[line:26] INFO 生成测试报告
2019-08-09 15:05:18,117 send_email.py[line:33] INFO 初始化邮件数据
2019-08-09 15:05:18,117 send_email.py[line:101] INFO 查找最新生成的测试报告
2019-08-09 15:05:18,119 send_email.py[line:42] INFO 发送邮件初始化
2019-08-09 15:05:18,119 send_email.py[line:63] INFO 添加邮件正文
2019-08-09 15:05:18,120 send_email.py[line:76] INFO 添加邮件附件
2019-08-09 15:05:18,120 send_email.py[line:89] INFO 邮件服务器连接
2019-08-09 15:05:19,916 send_email.py[line:95] INFO 邮件发送成功
