2019-08-09 10:29:15,216 read_excel.py[line:6] INFO 初始化表格
2019-08-09 10:29:15,261 read_excel.py[line:22] INFO 读取表格数据
2019-08-09 10:29:15,263 mysql_db.py[line:31] INFO ====init data====
2019-08-09 10:29:15,263 mysql_db.py[line:32] INFO 连接数据库
2019-08-09 10:29:15,265 mysql_db.py[line:81] INFO 开始数据处理
2019-08-09 10:29:15,265 mysql_db.py[line:31] INFO ====init data====
2019-08-09 10:29:15,265 mysql_db.py[line:32] INFO 连接数据库
2019-08-09 10:29:15,267 mysql_db.py[line:73] INFO 初始化数据库
2019-08-09 10:29:15,267 mysql_db.py[line:40] INFO 清除表数据
2019-08-09 10:29:15,282 mysql_db.py[line:51] INFO 插入表数据
2019-08-09 10:29:15,284 mysql_db.py[line:51] INFO 插入表数据
2019-08-09 10:29:15,287 mysql_db.py[line:51] INFO 插入表数据
2019-08-09 10:29:15,289 mysql_db.py[line:51] INFO 插入表数据
2019-08-09 10:29:15,291 mysql_db.py[line:51] INFO 插入表数据
2019-08-09 10:29:15,292 mysql_db.py[line:40] INFO 清除表数据
2019-08-09 10:29:15,306 mysql_db.py[line:51] INFO 插入表数据
2019-08-09 10:29:15,307 mysql_db.py[line:51] INFO 插入表数据
2019-08-09 10:29:15,309 mysql_db.py[line:51] INFO 插入表数据
2019-08-09 10:29:15,310 mysql_db.py[line:51] INFO 插入表数据
2019-08-09 10:29:15,311 mysql_db.py[line:51] INFO 插入表数据
2019-08-09 10:29:15,313 mysql_db.py[line:67] INFO 关闭数据库连接
2019-08-09 10:29:15,313 mysql_db.py[line:69] INFO ======init data finished!=====
2019-08-09 10:29:15,313 test_data.py[line:20] INFO 接口测试开始
2019-08-09 10:29:15,316 test_data.py[line:29] INFO 处理用例数据
2019-08-09 10:29:18,601 data_get.py[line:22] INFO 开始获取数据
2019-08-09 10:29:18,602 data_get.py[line:12] INFO 遍历取出数据
2019-08-09 10:29:21,390 test_data.py[line:45] INFO POST请求
