2019-08-09 10:31:05,162 read_excel.py[line:6] INFO 初始化表格
2019-08-09 10:31:05,207 read_excel.py[line:22] INFO 读取表格数据
2019-08-09 10:31:05,209 mysql_db.py[line:31] INFO ====init data====
2019-08-09 10:31:05,209 mysql_db.py[line:32] INFO 连接数据库
2019-08-09 10:31:05,211 mysql_db.py[line:81] INFO 开始数据处理
2019-08-09 10:31:05,211 mysql_db.py[line:31] INFO ====init data====
2019-08-09 10:31:05,211 mysql_db.py[line:32] INFO 连接数据库
2019-08-09 10:31:05,213 mysql_db.py[line:73] INFO 初始化数据库
2019-08-09 10:31:05,213 mysql_db.py[line:40] INFO 清除表数据
2019-08-09 10:31:05,228 mysql_db.py[line:51] INFO 插入表数据
2019-08-09 10:31:05,230 mysql_db.py[line:51] INFO 插入表数据
2019-08-09 10:31:05,232 mysql_db.py[line:51] INFO 插入表数据
2019-08-09 10:31:05,234 mysql_db.py[line:51] INFO 插入表数据
2019-08-09 10:31:05,236 mysql_db.py[line:51] INFO 插入表数据
2019-08-09 10:31:05,238 mysql_db.py[line:40] INFO 清除表数据
2019-08-09 10:31:05,250 mysql_db.py[line:51] INFO 插入表数据
2019-08-09 10:31:05,252 mysql_db.py[line:51] INFO 插入表数据
2019-08-09 10:31:05,253 mysql_db.py[line:51] INFO 插入表数据
2019-08-09 10:31:05,255 mysql_db.py[line:51] INFO 插入表数据
2019-08-09 10:31:05,257 mysql_db.py[line:51] INFO 插入表数据
2019-08-09 10:31:05,259 mysql_db.py[line:67] INFO 关闭数据库连接
2019-08-09 10:31:05,259 mysql_db.py[line:69] INFO ======init data finished!=====
2019-08-09 10:31:05,260 test_data.py[line:20] INFO 接口测试开始
2019-08-09 10:31:05,260 test_data.py[line:29] INFO 处理用例数据
2019-08-09 10:31:05,260 data_get.py[line:22] INFO 开始获取数据
2019-08-09 10:31:05,260 data_get.py[line:12] INFO 遍历取出数据
2019-08-09 10:31:05,261 test_data.py[line:45] INFO POST请求
2019-08-09 10:32:03,422 test_data.py[line:29] INFO 处理用例数据
2019-08-09 10:32:03,422 data_get.py[line:22] INFO 开始获取数据
2019-08-09 10:32:03,423 data_get.py[line:12] INFO 遍历取出数据
2019-08-09 10:32:03,424 test_data.py[line:29] INFO 处理用例数据
2019-08-09 10:32:03,425 data_get.py[line:22] INFO 开始获取数据
2019-08-09 10:32:03,425 data_get.py[line:12] INFO 遍历取出数据
2019-08-09 10:32:03,427 test_data.py[line:29] INFO 处理用例数据
2019-08-09 10:32:03,427 data_get.py[line:22] INFO 开始获取数据
2019-08-09 10:32:03,428 data_get.py[line:12] INFO 遍历取出数据
2019-08-09 10:32:03,429 test_data.py[line:29] INFO 处理用例数据
2019-08-09 10:32:03,429 data_get.py[line:22] INFO 开始获取数据
2019-08-09 10:32:03,430 data_get.py[line:12] INFO 遍历取出数据
2019-08-09 10:32:03,431 test_data.py[line:24] INFO 接口测试结束
