2019-08-08 17:22:15,512 read_excel.py[line:6] INFO 初始化表格
2019-08-08 17:22:15,532 read_excel.py[line:22] INFO 读取表格数据
2019-08-08 17:22:15,540 mysql_db.py[line:31] INFO ====init data====
2019-08-08 17:22:15,540 mysql_db.py[line:32] INFO 连接数据库
2019-08-08 17:22:15,542 mysql_db.py[line:81] INFO 开始数据处理
2019-08-08 17:22:15,542 mysql_db.py[line:31] INFO ====init data====
2019-08-08 17:22:15,542 mysql_db.py[line:32] INFO 连接数据库
2019-08-08 17:22:15,555 mysql_db.py[line:73] INFO 初始化数据库
2019-08-08 17:22:15,555 mysql_db.py[line:40] INFO 清除表数据
2019-08-08 17:22:15,566 mysql_db.py[line:51] INFO 插入表数据
2019-08-08 17:22:15,568 mysql_db.py[line:51] INFO 插入表数据
2019-08-08 17:22:15,570 mysql_db.py[line:51] INFO 插入表数据
2019-08-08 17:22:15,572 mysql_db.py[line:51] INFO 插入表数据
2019-08-08 17:22:15,574 mysql_db.py[line:51] INFO 插入表数据
2019-08-08 17:22:15,575 mysql_db.py[line:40] INFO 清除表数据
2019-08-08 17:22:15,586 mysql_db.py[line:51] INFO 插入表数据
2019-08-08 17:22:15,587 mysql_db.py[line:51] INFO 插入表数据
2019-08-08 17:22:15,599 mysql_db.py[line:51] INFO 插入表数据
2019-08-08 17:22:15,600 mysql_db.py[line:51] INFO 插入表数据
2019-08-08 17:22:15,602 mysql_db.py[line:51] INFO 插入表数据
2019-08-08 17:22:15,603 mysql_db.py[line:67] INFO 关闭数据库连接
2019-08-08 17:22:15,604 mysql_db.py[line:69] INFO ======init data finished!=====
2019-08-08 17:22:15,604 test_data.py[line:19] INFO 接口测试开始
2019-08-08 17:22:15,604 test_data.py[line:28] INFO 处理用例数据
2019-08-08 17:22:15,604 test_data.py[line:53] INFO POST请求
2019-08-08 17:22:15,608 test_data.py[line:62] INFO 断言assertEqual
2019-08-08 17:22:15,609 test_data.py[line:28] INFO 处理用例数据
2019-08-08 17:22:15,609 test_data.py[line:53] INFO POST请求
2019-08-08 17:22:15,614 test_data.py[line:62] INFO 断言assertEqual
2019-08-08 17:22:15,614 test_data.py[line:28] INFO 处理用例数据
2019-08-08 17:22:15,615 test_data.py[line:53] INFO POST请求
2019-08-08 17:22:15,631 test_data.py[line:62] INFO 断言assertEqual
2019-08-08 17:22:15,631 test_data.py[line:28] INFO 处理用例数据
2019-08-08 17:22:15,631 test_data.py[line:53] INFO POST请求
2019-08-08 17:22:15,655 test_data.py[line:59] INFO 断言assertIn
2019-08-08 17:22:15,655 test_data.py[line:28] INFO 处理用例数据
2019-08-08 17:22:15,655 test_data.py[line:53] INFO POST请求
2019-08-08 17:22:15,663 test_data.py[line:62] INFO 断言assertEqual
2019-08-08 17:22:15,663 test_data.py[line:23] INFO 接口测试结束
2019-08-08 17:22:15,664 send_email.py[line:33] INFO 初始化邮件数据
2019-08-08 17:22:15,664 send_email.py[line:101] INFO 查找最新生成的测试报告
2019-08-08 17:22:15,665 send_email.py[line:42] INFO 发送邮件初始化
2019-08-08 17:22:15,665 send_email.py[line:63] INFO 添加邮件正文
2019-08-08 17:22:15,666 send_email.py[line:76] INFO 添加邮件附件
2019-08-08 17:22:15,666 send_email.py[line:89] INFO 邮件服务器连接
2019-08-08 17:22:16,304 send_email.py[line:95] INFO 邮件发送成功
