2019-08-09 11:14:28,634 read_excel.py[line:6] INFO 初始化表格
2019-08-09 11:14:28,653 read_excel.py[line:22] INFO 读取表格数据
2019-08-09 11:14:28,662 mysql_db.py[line:31] INFO ====init data====
2019-08-09 11:14:28,662 mysql_db.py[line:32] INFO 连接数据库
2019-08-09 11:14:28,663 mysql_db.py[line:81] INFO 开始数据处理
2019-08-09 11:14:28,664 mysql_db.py[line:31] INFO ====init data====
2019-08-09 11:14:28,664 mysql_db.py[line:32] INFO 连接数据库
2019-08-09 11:14:28,675 mysql_db.py[line:73] INFO 初始化数据库
2019-08-09 11:14:28,676 mysql_db.py[line:40] INFO 清除表数据
2019-08-09 11:14:28,687 mysql_db.py[line:51] INFO 插入表数据
2019-08-09 11:14:28,688 mysql_db.py[line:51] INFO 插入表数据
2019-08-09 11:14:28,690 mysql_db.py[line:51] INFO 插入表数据
2019-08-09 11:14:28,692 mysql_db.py[line:51] INFO 插入表数据
2019-08-09 11:14:28,693 mysql_db.py[line:51] INFO 插入表数据
2019-08-09 11:14:28,695 mysql_db.py[line:40] INFO 清除表数据
2019-08-09 11:14:28,706 mysql_db.py[line:51] INFO 插入表数据
2019-08-09 11:14:28,708 mysql_db.py[line:51] INFO 插入表数据
2019-08-09 11:14:28,709 mysql_db.py[line:51] INFO 插入表数据
2019-08-09 11:14:28,710 mysql_db.py[line:51] INFO 插入表数据
2019-08-09 11:14:28,712 mysql_db.py[line:51] INFO 插入表数据
2019-08-09 11:14:28,713 mysql_db.py[line:67] INFO 关闭数据库连接
2019-08-09 11:14:28,713 mysql_db.py[line:69] INFO ======init data finished!=====
2019-08-09 11:14:28,713 test_data.py[line:20] INFO 接口测试开始
2019-08-09 11:14:28,713 test_data.py[line:29] INFO 处理用例数据
2019-08-09 11:14:28,713 data_get.py[line:23] INFO 开始获取数据
2019-08-09 11:14:28,713 data_get.py[line:12] INFO 遍历取出数据
2019-08-09 11:14:28,713 test_data.py[line:45] INFO POST请求
2019-08-09 11:14:28,718 test_data.py[line:54] INFO 断言assertEqual
2019-08-09 11:14:28,718 test_data.py[line:29] INFO 处理用例数据
2019-08-09 11:14:28,718 data_get.py[line:23] INFO 开始获取数据
2019-08-09 11:14:28,718 data_get.py[line:12] INFO 遍历取出数据
2019-08-09 11:14:28,718 test_data.py[line:45] INFO POST请求
2019-08-09 11:14:28,742 test_data.py[line:54] INFO 断言assertEqual
2019-08-09 11:14:28,743 test_data.py[line:29] INFO 处理用例数据
2019-08-09 11:14:28,743 data_get.py[line:23] INFO 开始获取数据
2019-08-09 11:14:28,744 data_get.py[line:12] INFO 遍历取出数据
2019-08-09 11:14:28,744 test_data.py[line:45] INFO POST请求
2019-08-09 11:14:28,767 test_data.py[line:54] INFO 断言assertEqual
2019-08-09 11:14:28,768 test_data.py[line:29] INFO 处理用例数据
2019-08-09 11:14:28,768 data_get.py[line:23] INFO 开始获取数据
2019-08-09 11:14:28,768 data_get.py[line:12] INFO 遍历取出数据
2019-08-09 11:14:28,768 test_data.py[line:45] INFO POST请求
2019-08-09 11:14:28,785 test_data.py[line:51] INFO 断言assertIn
2019-08-09 11:14:28,785 test_data.py[line:29] INFO 处理用例数据
2019-08-09 11:14:28,785 data_get.py[line:23] INFO 开始获取数据
2019-08-09 11:14:28,785 data_get.py[line:12] INFO 遍历取出数据
2019-08-09 11:14:28,785 test_data.py[line:45] INFO POST请求
2019-08-09 11:14:28,805 test_data.py[line:54] INFO 断言assertEqual
2019-08-09 11:14:28,805 test_data.py[line:24] INFO 接口测试结束
2019-08-09 11:14:28,806 send_email.py[line:33] INFO 初始化邮件数据
2019-08-09 11:14:28,806 send_email.py[line:101] INFO 查找最新生成的测试报告
2019-08-09 11:14:28,808 send_email.py[line:42] INFO 发送邮件初始化
2019-08-09 11:14:28,808 send_email.py[line:63] INFO 添加邮件正文
2019-08-09 11:14:28,809 send_email.py[line:76] INFO 添加邮件附件
2019-08-09 11:14:28,809 send_email.py[line:89] INFO 邮件服务器连接
2019-08-09 11:14:29,412 send_email.py[line:95] INFO 邮件发送成功
