2019-08-09 15:05:17,989 read_excel.py[line:6] INFO 初始化表格
2019-08-09 15:05:18,009 read_excel.py[line:22] INFO 读取表格数据
2019-08-09 15:05:18,017 mysql_db.py[line:31] INFO ====init data====
2019-08-09 15:05:18,017 mysql_db.py[line:32] INFO 连接数据库
2019-08-09 15:05:18,019 mysql_db.py[line:81] INFO 开始数据处理
2019-08-09 15:05:18,019 mysql_db.py[line:31] INFO ====init data====
2019-08-09 15:05:18,019 mysql_db.py[line:32] INFO 连接数据库
2019-08-09 15:05:18,032 mysql_db.py[line:73] INFO 初始化数据库
2019-08-09 15:05:18,033 mysql_db.py[line:40] INFO 清除表数据
2019-08-09 15:05:18,051 mysql_db.py[line:51] INFO 插入表数据
2019-08-09 15:05:18,052 mysql_db.py[line:51] INFO 插入表数据
2019-08-09 15:05:18,055 mysql_db.py[line:51] INFO 插入表数据
2019-08-09 15:05:18,057 mysql_db.py[line:51] INFO 插入表数据
2019-08-09 15:05:18,058 mysql_db.py[line:51] INFO 插入表数据
2019-08-09 15:05:18,060 mysql_db.py[line:40] INFO 清除表数据
2019-08-09 15:05:18,072 mysql_db.py[line:51] INFO 插入表数据
2019-08-09 15:05:18,074 mysql_db.py[line:51] INFO 插入表数据
2019-08-09 15:05:18,076 mysql_db.py[line:51] INFO 插入表数据
2019-08-09 15:05:18,077 mysql_db.py[line:51] INFO 插入表数据
2019-08-09 15:05:18,079 mysql_db.py[line:51] INFO 插入表数据
2019-08-09 15:05:18,080 mysql_db.py[line:67] INFO 关闭数据库连接
2019-08-09 15:05:18,081 mysql_db.py[line:69] INFO ======init data finished!=====
2019-08-09 15:05:18,081 data_get.py[line:23] INFO 开始获取数据
2019-08-09 15:05:18,081 data_get.py[line:12] INFO 遍历取出数据
2019-08-09 15:05:18,086 data_get.py[line:23] INFO 开始获取数据
2019-08-09 15:05:18,086 data_get.py[line:12] INFO 遍历取出数据
2019-08-09 15:05:18,093 data_get.py[line:23] INFO 开始获取数据
2019-08-09 15:05:18,093 data_get.py[line:12] INFO 遍历取出数据
2019-08-09 15:05:18,100 data_get.py[line:23] INFO 开始获取数据
2019-08-09 15:05:18,100 data_get.py[line:12] INFO 遍历取出数据
2019-08-09 15:05:18,107 data_get.py[line:23] INFO 开始获取数据
2019-08-09 15:05:18,107 data_get.py[line:12] INFO 遍历取出数据
