2019-08-08 17:14:18,669 read_excel.py[line:6] INFO 初始化表格
2019-08-08 17:14:18,690 read_excel.py[line:22] INFO 读取表格数据
2019-08-08 17:14:18,701 mysql_db.py[line:31] INFO ====init data====
2019-08-08 17:14:18,701 mysql_db.py[line:32] INFO 连接数据库
2019-08-08 17:14:18,703 mysql_db.py[line:81] INFO 开始数据处理
2019-08-08 17:14:18,703 mysql_db.py[line:31] INFO ====init data====
2019-08-08 17:14:18,703 mysql_db.py[line:32] INFO 连接数据库
2019-08-08 17:14:18,716 mysql_db.py[line:73] INFO 初始化数据库
2019-08-08 17:14:18,716 mysql_db.py[line:40] INFO 清除表数据
2019-08-08 17:14:18,727 mysql_db.py[line:51] INFO 插入表数据
2019-08-08 17:14:18,728 mysql_db.py[line:51] INFO 插入表数据
2019-08-08 17:14:18,730 mysql_db.py[line:51] INFO 插入表数据
2019-08-08 17:14:18,732 mysql_db.py[line:51] INFO 插入表数据
2019-08-08 17:14:18,733 mysql_db.py[line:51] INFO 插入表数据
2019-08-08 17:14:18,734 mysql_db.py[line:40] INFO 清除表数据
2019-08-08 17:14:18,745 mysql_db.py[line:51] INFO 插入表数据
2019-08-08 17:14:18,746 mysql_db.py[line:51] INFO 插入表数据
2019-08-08 17:14:18,748 mysql_db.py[line:51] INFO 插入表数据
2019-08-08 17:14:18,749 mysql_db.py[line:51] INFO 插入表数据
2019-08-08 17:14:18,750 mysql_db.py[line:51] INFO 插入表数据
2019-08-08 17:14:18,751 mysql_db.py[line:67] INFO 关闭数据库连接
2019-08-08 17:14:18,751 mysql_db.py[line:69] INFO ======init data finished!=====
2019-08-08 17:14:18,751 test_data.py[line:19] INFO 接口测试开始
2019-08-08 17:14:18,751 test_data.py[line:28] INFO 处理用例数据
2019-08-08 17:14:18,751 test_data.py[line:53] INFO POST请求
2019-08-08 17:14:18,756 test_data.py[line:62] INFO 断言assertEqual
2019-08-08 17:14:18,756 test_data.py[line:28] INFO 处理用例数据
2019-08-08 17:14:18,756 test_data.py[line:53] INFO POST请求
2019-08-08 17:14:18,772 test_data.py[line:62] INFO 断言assertEqual
2019-08-08 17:14:18,773 test_data.py[line:28] INFO 处理用例数据
2019-08-08 17:14:18,773 test_data.py[line:53] INFO POST请求
2019-08-08 17:14:18,790 test_data.py[line:62] INFO 断言assertEqual
2019-08-08 17:14:18,791 test_data.py[line:28] INFO 处理用例数据
2019-08-08 17:14:18,791 test_data.py[line:53] INFO POST请求
2019-08-08 17:14:18,808 test_data.py[line:59] INFO 断言assertIn
2019-08-08 17:14:18,808 test_data.py[line:28] INFO 处理用例数据
2019-08-08 17:14:18,808 test_data.py[line:53] INFO POST请求
2019-08-08 17:14:18,817 test_data.py[line:62] INFO 断言assertEqual
2019-08-08 17:14:18,817 test_data.py[line:23] INFO 接口测试结束
2019-08-08 17:14:18,817 send_email.py[line:33] INFO 初始化邮件数据
2019-08-08 17:14:18,817 send_email.py[line:101] INFO 查找最新生成的测试报告
2019-08-08 17:14:18,818 send_email.py[line:42] INFO 发送邮件初始化
2019-08-08 17:14:18,818 send_email.py[line:63] INFO 添加邮件正文
2019-08-08 17:14:18,819 send_email.py[line:76] INFO 添加邮件附件
2019-08-08 17:14:18,819 send_email.py[line:89] INFO 邮件服务器连接
2019-08-08 17:14:20,434 send_email.py[line:95] INFO 邮件发送成功
