2019-08-09 10:45:22,558 read_excel.py[line:6] INFO 初始化表格
2019-08-09 10:45:22,603 read_excel.py[line:22] INFO 读取表格数据
2019-08-09 10:45:22,605 mysql_db.py[line:31] INFO ====init data====
2019-08-09 10:45:22,605 mysql_db.py[line:32] INFO 连接数据库
2019-08-09 10:45:22,607 mysql_db.py[line:81] INFO 开始数据处理
2019-08-09 10:45:22,607 mysql_db.py[line:31] INFO ====init data====
2019-08-09 10:45:22,607 mysql_db.py[line:32] INFO 连接数据库
2019-08-09 10:45:22,619 mysql_db.py[line:73] INFO 初始化数据库
2019-08-09 10:45:22,619 mysql_db.py[line:40] INFO 清除表数据
2019-08-09 10:45:22,636 mysql_db.py[line:51] INFO 插入表数据
2019-08-09 10:45:22,637 mysql_db.py[line:51] INFO 插入表数据
2019-08-09 10:45:22,640 mysql_db.py[line:51] INFO 插入表数据
2019-08-09 10:45:22,642 mysql_db.py[line:51] INFO 插入表数据
2019-08-09 10:45:22,643 mysql_db.py[line:51] INFO 插入表数据
2019-08-09 10:45:22,645 mysql_db.py[line:40] INFO 清除表数据
2019-08-09 10:45:22,659 mysql_db.py[line:51] INFO 插入表数据
2019-08-09 10:45:22,661 mysql_db.py[line:51] INFO 插入表数据
2019-08-09 10:45:22,662 mysql_db.py[line:51] INFO 插入表数据
2019-08-09 10:45:22,664 mysql_db.py[line:51] INFO 插入表数据
2019-08-09 10:45:22,665 mysql_db.py[line:51] INFO 插入表数据
2019-08-09 10:45:22,667 mysql_db.py[line:67] INFO 关闭数据库连接
2019-08-09 10:45:22,667 mysql_db.py[line:69] INFO ======init data finished!=====
2019-08-09 10:45:22,667 test_data.py[line:20] INFO 接口测试开始
2019-08-09 10:45:22,669 test_data.py[line:29] INFO 处理用例数据
2019-08-09 10:45:36,594 data_get.py[line:23] INFO 开始获取数据
2019-08-09 10:45:36,595 data_get.py[line:12] INFO 遍历取出数据
2019-08-09 10:46:09,813 test_data.py[line:45] INFO POST请求
