2019-08-09 09:19:46,057 mysql_db.py[line:31] INFO ====init data====
2019-08-09 09:19:46,058 mysql_db.py[line:32] INFO 连接数据库
2019-08-09 09:19:46,060 mysql_db.py[line:81] INFO 开始数据处理
2019-08-09 09:19:46,060 mysql_db.py[line:31] INFO ====init data====
2019-08-09 09:19:46,060 mysql_db.py[line:32] INFO 连接数据库
2019-08-09 09:19:46,061 mysql_db.py[line:73] INFO 初始化数据库
2019-08-09 09:19:46,061 mysql_db.py[line:40] INFO 清除表数据
2019-08-09 09:19:46,068 mysql_db.py[line:51] INFO 插入表数据
2019-08-09 09:19:46,069 mysql_db.py[line:51] INFO 插入表数据
2019-08-09 09:19:46,071 mysql_db.py[line:51] INFO 插入表数据
2019-08-09 09:19:46,072 mysql_db.py[line:51] INFO 插入表数据
2019-08-09 09:19:46,073 mysql_db.py[line:51] INFO 插入表数据
2019-08-09 09:19:46,074 mysql_db.py[line:40] INFO 清除表数据
2019-08-09 09:19:46,081 mysql_db.py[line:51] INFO 插入表数据
2019-08-09 09:19:46,082 mysql_db.py[line:51] INFO 插入表数据
2019-08-09 09:19:46,083 mysql_db.py[line:51] INFO 插入表数据
2019-08-09 09:19:46,083 mysql_db.py[line:51] INFO 插入表数据
2019-08-09 09:19:46,084 mysql_db.py[line:51] INFO 插入表数据
2019-08-09 09:19:46,085 mysql_db.py[line:67] INFO 关闭数据库连接
2019-08-09 09:19:46,085 mysql_db.py[line:69] INFO ======init data finished!=====
2019-08-09 09:19:46,085 test_data.py[line:19] INFO 接口测试开始
2019-08-09 09:19:46,085 test_data.py[line:28] INFO 处理用例数据
2019-08-09 09:19:46,085 test_data.py[line:53] INFO POST请求
2019-08-09 09:19:46,093 test_data.py[line:62] INFO 断言assertEqual
2019-08-09 09:19:46,094 test_data.py[line:28] INFO 处理用例数据
2019-08-09 09:19:46,094 test_data.py[line:53] INFO POST请求
2019-08-09 09:19:46,110 test_data.py[line:62] INFO 断言assertEqual
2019-08-09 09:19:46,110 test_data.py[line:28] INFO 处理用例数据
2019-08-09 09:19:46,110 test_data.py[line:53] INFO POST请求
2019-08-09 09:19:46,140 test_data.py[line:62] INFO 断言assertEqual
2019-08-09 09:19:46,140 test_data.py[line:28] INFO 处理用例数据
2019-08-09 09:19:46,140 test_data.py[line:53] INFO POST请求
2019-08-09 09:19:46,158 test_data.py[line:59] INFO 断言assertIn
2019-08-09 09:19:46,159 test_data.py[line:28] INFO 处理用例数据
2019-08-09 09:19:46,159 test_data.py[line:53] INFO POST请求
2019-08-09 09:19:46,169 test_data.py[line:62] INFO 断言assertEqual
2019-08-09 09:19:46,170 test_data.py[line:23] INFO 接口测试结束
2019-08-09 09:19:46,170 send_email.py[line:33] INFO 初始化邮件数据
2019-08-09 09:19:46,170 send_email.py[line:101] INFO 查找最新生成的测试报告
2019-08-09 09:19:46,171 send_email.py[line:42] INFO 发送邮件初始化
2019-08-09 09:19:46,171 send_email.py[line:63] INFO 添加邮件正文
2019-08-09 09:19:46,172 send_email.py[line:76] INFO 添加邮件附件
2019-08-09 09:19:46,172 send_email.py[line:89] INFO 邮件服务器连接
2019-08-09 09:19:46,863 send_email.py[line:95] INFO 邮件发送成功
