2019-08-09 10:26:26,647 read_excel.py[line:6] INFO 初始化表格
2019-08-09 10:26:26,693 read_excel.py[line:22] INFO 读取表格数据
2019-08-09 10:26:26,694 mysql_db.py[line:31] INFO ====init data====
2019-08-09 10:26:26,695 mysql_db.py[line:32] INFO 连接数据库
2019-08-09 10:26:26,696 mysql_db.py[line:81] INFO 开始数据处理
2019-08-09 10:26:26,697 mysql_db.py[line:31] INFO ====init data====
2019-08-09 10:26:26,697 mysql_db.py[line:32] INFO 连接数据库
2019-08-09 10:26:26,709 mysql_db.py[line:73] INFO 初始化数据库
2019-08-09 10:26:26,709 mysql_db.py[line:40] INFO 清除表数据
2019-08-09 10:26:26,726 mysql_db.py[line:51] INFO 插入表数据
2019-08-09 10:26:26,728 mysql_db.py[line:51] INFO 插入表数据
2019-08-09 10:26:26,730 mysql_db.py[line:51] INFO 插入表数据
2019-08-09 10:26:26,733 mysql_db.py[line:51] INFO 插入表数据
2019-08-09 10:26:26,734 mysql_db.py[line:51] INFO 插入表数据
2019-08-09 10:26:26,736 mysql_db.py[line:40] INFO 清除表数据
2019-08-09 10:26:26,749 mysql_db.py[line:51] INFO 插入表数据
2019-08-09 10:26:26,750 mysql_db.py[line:51] INFO 插入表数据
2019-08-09 10:26:26,752 mysql_db.py[line:51] INFO 插入表数据
2019-08-09 10:26:26,753 mysql_db.py[line:51] INFO 插入表数据
2019-08-09 10:26:26,755 mysql_db.py[line:51] INFO 插入表数据
2019-08-09 10:26:26,756 mysql_db.py[line:67] INFO 关闭数据库连接
2019-08-09 10:26:26,756 mysql_db.py[line:69] INFO ======init data finished!=====
2019-08-09 10:26:26,757 test_data.py[line:20] INFO 接口测试开始
2019-08-09 10:26:26,759 test_data.py[line:29] INFO 处理用例数据
2019-08-09 10:26:40,187 data_get.py[line:22] INFO 开始获取数据
2019-08-09 10:26:40,188 data_get.py[line:12] INFO 遍历取出数据
2019-08-09 10:26:51,338 test_data.py[line:45] INFO POST请求
