2019-08-09 11:12:33,840 read_excel.py[line:6] INFO 初始化表格
2019-08-09 11:12:33,859 read_excel.py[line:22] INFO 读取表格数据
2019-08-09 11:12:33,877 mysql_db.py[line:31] INFO ====init data====
2019-08-09 11:12:33,877 mysql_db.py[line:32] INFO 连接数据库
2019-08-09 11:12:33,879 mysql_db.py[line:81] INFO 开始数据处理
2019-08-09 11:12:33,879 mysql_db.py[line:31] INFO ====init data====
2019-08-09 11:12:33,879 mysql_db.py[line:32] INFO 连接数据库
2019-08-09 11:12:33,880 mysql_db.py[line:73] INFO 初始化数据库
2019-08-09 11:12:33,880 mysql_db.py[line:40] INFO 清除表数据
2019-08-09 11:12:33,894 mysql_db.py[line:51] INFO 插入表数据
2019-08-09 11:12:33,895 mysql_db.py[line:51] INFO 插入表数据
2019-08-09 11:12:33,898 mysql_db.py[line:51] INFO 插入表数据
2019-08-09 11:12:33,900 mysql_db.py[line:51] INFO 插入表数据
2019-08-09 11:12:33,901 mysql_db.py[line:51] INFO 插入表数据
2019-08-09 11:12:33,903 mysql_db.py[line:40] INFO 清除表数据
2019-08-09 11:12:33,914 mysql_db.py[line:51] INFO 插入表数据
2019-08-09 11:12:33,916 mysql_db.py[line:51] INFO 插入表数据
2019-08-09 11:12:33,917 mysql_db.py[line:51] INFO 插入表数据
2019-08-09 11:12:33,918 mysql_db.py[line:51] INFO 插入表数据
2019-08-09 11:12:33,919 mysql_db.py[line:51] INFO 插入表数据
2019-08-09 11:12:33,921 mysql_db.py[line:67] INFO 关闭数据库连接
2019-08-09 11:12:33,921 mysql_db.py[line:69] INFO ======init data finished!=====
2019-08-09 11:12:33,921 test_data.py[line:20] INFO 接口测试开始
2019-08-09 11:12:33,921 test_data.py[line:29] INFO 处理用例数据
2019-08-09 11:12:33,921 data_get.py[line:23] INFO 开始获取数据
2019-08-09 11:12:33,922 data_get.py[line:12] INFO 遍历取出数据
2019-08-09 11:12:33,922 test_data.py[line:45] INFO POST请求
2019-08-09 11:12:33,926 test_data.py[line:54] INFO 断言assertEqual
2019-08-09 11:12:33,926 test_data.py[line:29] INFO 处理用例数据
2019-08-09 11:12:33,926 data_get.py[line:23] INFO 开始获取数据
2019-08-09 11:12:33,927 data_get.py[line:12] INFO 遍历取出数据
2019-08-09 11:12:33,927 test_data.py[line:45] INFO POST请求
2019-08-09 11:12:33,933 test_data.py[line:54] INFO 断言assertEqual
2019-08-09 11:12:33,933 test_data.py[line:29] INFO 处理用例数据
2019-08-09 11:12:33,933 data_get.py[line:23] INFO 开始获取数据
2019-08-09 11:12:33,933 data_get.py[line:12] INFO 遍历取出数据
2019-08-09 11:12:33,933 test_data.py[line:45] INFO POST请求
2019-08-09 11:12:33,950 test_data.py[line:54] INFO 断言assertEqual
2019-08-09 11:12:33,950 test_data.py[line:29] INFO 处理用例数据
2019-08-09 11:12:33,950 data_get.py[line:23] INFO 开始获取数据
2019-08-09 11:12:33,950 data_get.py[line:12] INFO 遍历取出数据
2019-08-09 11:12:33,951 test_data.py[line:45] INFO POST请求
2019-08-09 11:12:33,967 test_data.py[line:51] INFO 断言assertIn
2019-08-09 11:12:33,967 test_data.py[line:29] INFO 处理用例数据
2019-08-09 11:12:33,967 data_get.py[line:23] INFO 开始获取数据
2019-08-09 11:12:33,967 data_get.py[line:12] INFO 遍历取出数据
2019-08-09 11:12:33,967 test_data.py[line:45] INFO POST请求
2019-08-09 11:12:33,986 test_data.py[line:54] INFO 断言assertEqual
2019-08-09 11:12:33,986 test_data.py[line:24] INFO 接口测试结束
2019-08-09 11:12:33,998 send_email.py[line:33] INFO 初始化邮件数据
2019-08-09 11:12:33,998 send_email.py[line:101] INFO 查找最新生成的测试报告
2019-08-09 11:12:34,000 send_email.py[line:42] INFO 发送邮件初始化
2019-08-09 11:12:34,001 send_email.py[line:63] INFO 添加邮件正文
2019-08-09 11:12:34,001 send_email.py[line:76] INFO 添加邮件附件
2019-08-09 11:12:34,001 send_email.py[line:89] INFO 邮件服务器连接
2019-08-09 11:12:35,603 send_email.py[line:95] INFO 邮件发送成功
