2019-08-09 16:23:08,415 read_excel.py[line:6] INFO 初始化表格
2019-08-09 16:23:08,443 read_excel.py[line:22] INFO 读取表格数据
2019-08-09 16:23:08,470 mysql_db.py[line:31] INFO ====init data====
2019-08-09 16:23:08,470 mysql_db.py[line:32] INFO 连接数据库
2019-08-09 16:23:08,472 mysql_db.py[line:81] INFO 开始数据处理
2019-08-09 16:23:08,472 mysql_db.py[line:31] INFO ====init data====
2019-08-09 16:23:08,472 mysql_db.py[line:32] INFO 连接数据库
2019-08-09 16:23:08,479 mysql_db.py[line:73] INFO 初始化数据库
2019-08-09 16:23:08,479 mysql_db.py[line:40] INFO 清除表数据
2019-08-09 16:23:08,493 mysql_db.py[line:51] INFO 插入表数据
2019-08-09 16:23:08,508 mysql_db.py[line:51] INFO 插入表数据
2019-08-09 16:23:08,510 mysql_db.py[line:51] INFO 插入表数据
2019-08-09 16:23:08,513 mysql_db.py[line:51] INFO 插入表数据
2019-08-09 16:23:08,515 mysql_db.py[line:51] INFO 插入表数据
2019-08-09 16:23:08,516 mysql_db.py[line:40] INFO 清除表数据
2019-08-09 16:23:08,530 mysql_db.py[line:51] INFO 插入表数据
2019-08-09 16:23:08,532 mysql_db.py[line:51] INFO 插入表数据
2019-08-09 16:23:08,534 mysql_db.py[line:51] INFO 插入表数据
2019-08-09 16:23:08,535 mysql_db.py[line:51] INFO 插入表数据
2019-08-09 16:23:08,537 mysql_db.py[line:51] INFO 插入表数据
2019-08-09 16:23:08,538 mysql_db.py[line:67] INFO 关闭数据库连接
2019-08-09 16:23:08,538 mysql_db.py[line:69] INFO ======init data finished!=====
2019-08-09 16:23:08,539 test_data.py[line:20] INFO 接口测试开始
2019-08-09 16:23:08,539 test_data.py[line:29] INFO 处理用例数据
2019-08-09 16:23:08,539 data_get.py[line:23] INFO 开始获取数据
2019-08-09 16:23:08,554 data_get.py[line:12] INFO 遍历取出数据
2019-08-09 16:23:08,554 test_data.py[line:45] INFO POST请求
2019-08-09 16:23:08,559 test_data.py[line:54] INFO 断言assertEqual
2019-08-09 16:23:08,560 test_data.py[line:29] INFO 处理用例数据
2019-08-09 16:23:08,560 data_get.py[line:23] INFO 开始获取数据
2019-08-09 16:23:08,560 data_get.py[line:12] INFO 遍历取出数据
2019-08-09 16:23:08,560 test_data.py[line:45] INFO POST请求
2019-08-09 16:23:08,567 test_data.py[line:54] INFO 断言assertEqual
2019-08-09 16:23:08,567 test_data.py[line:29] INFO 处理用例数据
2019-08-09 16:23:08,567 data_get.py[line:23] INFO 开始获取数据
2019-08-09 16:23:08,567 data_get.py[line:12] INFO 遍历取出数据
2019-08-09 16:23:08,567 test_data.py[line:45] INFO POST请求
2019-08-09 16:23:08,584 test_data.py[line:54] INFO 断言assertEqual
2019-08-09 16:23:08,584 test_data.py[line:29] INFO 处理用例数据
2019-08-09 16:23:08,584 data_get.py[line:23] INFO 开始获取数据
2019-08-09 16:23:08,584 data_get.py[line:12] INFO 遍历取出数据
2019-08-09 16:23:08,584 test_data.py[line:45] INFO POST请求
2019-08-09 16:23:08,601 test_data.py[line:51] INFO 断言assertIn
2019-08-09 16:23:08,601 test_data.py[line:29] INFO 处理用例数据
2019-08-09 16:23:08,601 data_get.py[line:23] INFO 开始获取数据
2019-08-09 16:23:08,602 data_get.py[line:12] INFO 遍历取出数据
2019-08-09 16:23:08,602 test_data.py[line:45] INFO POST请求
2019-08-09 16:23:08,621 test_data.py[line:54] INFO 断言assertEqual
2019-08-09 16:23:08,621 test_data.py[line:24] INFO 接口测试结束
2019-08-09 16:23:08,622 run_all_test.py[line:26] INFO 生成测试报告
2019-08-09 16:23:08,622 send_email.py[line:33] INFO 初始化邮件数据
2019-08-09 16:23:08,623 send_email.py[line:101] INFO 查找最新生成的测试报告
2019-08-09 16:23:08,626 send_email.py[line:42] INFO 发送邮件初始化
2019-08-09 16:23:08,626 send_email.py[line:63] INFO 添加邮件正文
2019-08-09 16:23:08,626 send_email.py[line:76] INFO 添加邮件附件
2019-08-09 16:23:08,627 send_email.py[line:89] INFO 邮件服务器连接
2019-08-09 16:23:10,412 send_email.py[line:95] INFO 邮件发送成功
