2019-08-09 10:05:29,366 read_excel.py[line:6] INFO 初始化表格
2019-08-09 10:05:29,387 read_excel.py[line:22] INFO 读取表格数据
2019-08-09 10:05:29,395 mysql_db.py[line:31] INFO ====init data====
2019-08-09 10:05:29,395 mysql_db.py[line:32] INFO 连接数据库
2019-08-09 10:05:29,397 mysql_db.py[line:81] INFO 开始数据处理
2019-08-09 10:05:29,397 mysql_db.py[line:31] INFO ====init data====
2019-08-09 10:05:29,397 mysql_db.py[line:32] INFO 连接数据库
2019-08-09 10:05:29,408 mysql_db.py[line:73] INFO 初始化数据库
2019-08-09 10:05:29,409 mysql_db.py[line:40] INFO 清除表数据
2019-08-09 10:05:29,420 mysql_db.py[line:51] INFO 插入表数据
2019-08-09 10:05:29,421 mysql_db.py[line:51] INFO 插入表数据
2019-08-09 10:05:29,424 mysql_db.py[line:51] INFO 插入表数据
2019-08-09 10:05:29,426 mysql_db.py[line:51] INFO 插入表数据
2019-08-09 10:05:29,427 mysql_db.py[line:51] INFO 插入表数据
2019-08-09 10:05:29,428 mysql_db.py[line:40] INFO 清除表数据
2019-08-09 10:05:29,441 mysql_db.py[line:51] INFO 插入表数据
2019-08-09 10:05:29,443 mysql_db.py[line:51] INFO 插入表数据
2019-08-09 10:05:29,444 mysql_db.py[line:51] INFO 插入表数据
2019-08-09 10:05:29,446 mysql_db.py[line:51] INFO 插入表数据
2019-08-09 10:05:29,447 mysql_db.py[line:51] INFO 插入表数据
2019-08-09 10:05:29,448 mysql_db.py[line:67] INFO 关闭数据库连接
2019-08-09 10:05:29,449 mysql_db.py[line:69] INFO ======init data finished!=====
2019-08-09 10:05:29,449 test_data.py[line:20] INFO 接口测试开始
2019-08-09 10:05:29,449 test_data.py[line:29] INFO 处理用例数据
2019-08-09 10:05:29,449 data_get.py[line:22] INFO 开始获取数据
2019-08-09 10:05:29,450 test_data.py[line:29] INFO 处理用例数据
2019-08-09 10:05:29,450 data_get.py[line:22] INFO 开始获取数据
2019-08-09 10:05:29,450 test_data.py[line:29] INFO 处理用例数据
2019-08-09 10:05:29,450 data_get.py[line:22] INFO 开始获取数据
2019-08-09 10:05:29,451 test_data.py[line:29] INFO 处理用例数据
2019-08-09 10:05:29,451 data_get.py[line:22] INFO 开始获取数据
2019-08-09 10:05:29,451 test_data.py[line:29] INFO 处理用例数据
2019-08-09 10:05:29,451 data_get.py[line:22] INFO 开始获取数据
2019-08-09 10:05:29,451 test_data.py[line:24] INFO 接口测试结束
2019-08-09 10:05:29,452 send_email.py[line:33] INFO 初始化邮件数据
2019-08-09 10:05:29,452 send_email.py[line:101] INFO 查找最新生成的测试报告
2019-08-09 10:05:29,453 send_email.py[line:42] INFO 发送邮件初始化
2019-08-09 10:05:29,453 send_email.py[line:63] INFO 添加邮件正文
2019-08-09 10:05:29,454 send_email.py[line:76] INFO 添加邮件附件
2019-08-09 10:05:29,454 send_email.py[line:89] INFO 邮件服务器连接
2019-08-09 10:05:30,099 send_email.py[line:95] INFO 邮件发送成功
