2019-08-09 10:28:00,857 read_excel.py[line:6] INFO 初始化表格
2019-08-09 10:28:00,902 read_excel.py[line:22] INFO 读取表格数据
2019-08-09 10:28:00,924 mysql_db.py[line:31] INFO ====init data====
2019-08-09 10:28:00,924 mysql_db.py[line:32] INFO 连接数据库
2019-08-09 10:28:00,926 mysql_db.py[line:81] INFO 开始数据处理
2019-08-09 10:28:00,926 mysql_db.py[line:31] INFO ====init data====
2019-08-09 10:28:00,926 mysql_db.py[line:32] INFO 连接数据库
2019-08-09 10:28:00,928 mysql_db.py[line:73] INFO 初始化数据库
2019-08-09 10:28:00,928 mysql_db.py[line:40] INFO 清除表数据
2019-08-09 10:28:00,943 mysql_db.py[line:51] INFO 插入表数据
2019-08-09 10:28:00,945 mysql_db.py[line:51] INFO 插入表数据
2019-08-09 10:28:00,947 mysql_db.py[line:51] INFO 插入表数据
2019-08-09 10:28:00,949 mysql_db.py[line:51] INFO 插入表数据
2019-08-09 10:28:00,951 mysql_db.py[line:51] INFO 插入表数据
2019-08-09 10:28:00,952 mysql_db.py[line:40] INFO 清除表数据
2019-08-09 10:28:00,966 mysql_db.py[line:51] INFO 插入表数据
2019-08-09 10:28:00,968 mysql_db.py[line:51] INFO 插入表数据
2019-08-09 10:28:00,970 mysql_db.py[line:51] INFO 插入表数据
2019-08-09 10:28:00,971 mysql_db.py[line:51] INFO 插入表数据
2019-08-09 10:28:00,973 mysql_db.py[line:51] INFO 插入表数据
2019-08-09 10:28:00,975 mysql_db.py[line:67] INFO 关闭数据库连接
2019-08-09 10:28:00,975 mysql_db.py[line:69] INFO ======init data finished!=====
2019-08-09 10:28:00,975 test_data.py[line:20] INFO 接口测试开始
2019-08-09 10:28:00,978 test_data.py[line:29] INFO 处理用例数据
2019-08-09 10:28:03,974 data_get.py[line:22] INFO 开始获取数据
2019-08-09 10:28:03,975 data_get.py[line:12] INFO 遍历取出数据
2019-08-09 10:28:06,913 test_data.py[line:45] INFO POST请求
2019-08-09 10:28:39,553 test_data.py[line:29] INFO 处理用例数据
