2019-08-08 17:07:09,072 read_excel.py[line:6] INFO 初始化表格
2019-08-08 17:07:09,093 read_excel.py[line:22] INFO 读取表格数据
2019-08-08 17:07:09,117 mysql_db.py[line:31] INFO ====init data====
2019-08-08 17:07:09,117 mysql_db.py[line:32] INFO 连接数据库
2019-08-08 17:07:09,119 mysql_db.py[line:81] INFO 开始数据处理
2019-08-08 17:07:09,119 mysql_db.py[line:31] INFO ====init data====
2019-08-08 17:07:09,119 mysql_db.py[line:32] INFO 连接数据库
2019-08-08 17:07:09,131 mysql_db.py[line:73] INFO 初始化数据库
2019-08-08 17:07:09,131 mysql_db.py[line:40] INFO 清除表数据
2019-08-08 17:07:09,144 mysql_db.py[line:51] INFO 插入表数据
2019-08-08 17:07:09,146 mysql_db.py[line:51] INFO 插入表数据
2019-08-08 17:07:09,148 mysql_db.py[line:51] INFO 插入表数据
2019-08-08 17:07:09,150 mysql_db.py[line:51] INFO 插入表数据
2019-08-08 17:07:09,151 mysql_db.py[line:51] INFO 插入表数据
2019-08-08 17:07:09,153 mysql_db.py[line:40] INFO 清除表数据
2019-08-08 17:07:09,164 mysql_db.py[line:51] INFO 插入表数据
2019-08-08 17:07:09,165 mysql_db.py[line:51] INFO 插入表数据
2019-08-08 17:07:09,167 mysql_db.py[line:51] INFO 插入表数据
2019-08-08 17:07:09,168 mysql_db.py[line:51] INFO 插入表数据
2019-08-08 17:07:09,169 mysql_db.py[line:51] INFO 插入表数据
2019-08-08 17:07:09,171 mysql_db.py[line:67] INFO 关闭数据库连接
2019-08-08 17:07:09,171 mysql_db.py[line:69] INFO ======init data finished!=====
2019-08-08 17:07:09,171 test_data.py[line:19] INFO 接口测试开始
2019-08-08 17:07:09,171 test_data.py[line:28] INFO 处理用例数据
2019-08-08 17:07:09,171 test_data.py[line:53] INFO POST请求
2019-08-08 17:07:09,176 test_data.py[line:62] INFO 断言assertEqual
2019-08-08 17:07:09,176 test_data.py[line:28] INFO 处理用例数据
2019-08-08 17:07:09,176 test_data.py[line:53] INFO POST请求
2019-08-08 17:07:09,197 test_data.py[line:62] INFO 断言assertEqual
2019-08-08 17:07:09,197 test_data.py[line:28] INFO 处理用例数据
2019-08-08 17:07:09,197 test_data.py[line:53] INFO POST请求
2019-08-08 17:07:09,204 test_data.py[line:62] INFO 断言assertEqual
2019-08-08 17:07:09,204 test_data.py[line:28] INFO 处理用例数据
2019-08-08 17:07:09,204 test_data.py[line:53] INFO POST请求
2019-08-08 17:07:09,211 test_data.py[line:59] INFO 断言assertIn
2019-08-08 17:07:09,211 test_data.py[line:28] INFO 处理用例数据
2019-08-08 17:07:09,211 test_data.py[line:53] INFO POST请求
2019-08-08 17:07:09,230 test_data.py[line:62] INFO 断言assertEqual
2019-08-08 17:07:09,230 test_data.py[line:23] INFO 接口测试结束
2019-08-08 17:07:09,231 send_email.py[line:33] INFO 初始化邮件数据
2019-08-08 17:07:09,231 send_email.py[line:101] INFO 查找最新生成的测试报告
2019-08-08 17:07:09,232 send_email.py[line:42] INFO 发送邮件初始化
2019-08-08 17:07:09,232 send_email.py[line:63] INFO 添加邮件正文
