2019-08-09 11:08:13,801 read_excel.py[line:6] INFO 初始化表格
2019-08-09 11:08:13,822 read_excel.py[line:22] INFO 读取表格数据
2019-08-09 11:08:13,849 mysql_db.py[line:31] INFO ====init data====
2019-08-09 11:08:13,849 mysql_db.py[line:32] INFO 连接数据库
2019-08-09 11:08:13,851 mysql_db.py[line:81] INFO 开始数据处理
2019-08-09 11:08:13,851 mysql_db.py[line:31] INFO ====init data====
2019-08-09 11:08:13,851 mysql_db.py[line:32] INFO 连接数据库
2019-08-09 11:08:13,862 mysql_db.py[line:73] INFO 初始化数据库
2019-08-09 11:08:13,863 mysql_db.py[line:40] INFO 清除表数据
2019-08-09 11:08:13,940 mysql_db.py[line:51] INFO 插入表数据
2019-08-09 11:08:13,944 mysql_db.py[line:51] INFO 插入表数据
2019-08-09 11:08:13,953 mysql_db.py[line:51] INFO 插入表数据
2019-08-09 11:08:13,966 mysql_db.py[line:51] INFO 插入表数据
2019-08-09 11:08:13,972 mysql_db.py[line:51] INFO 插入表数据
2019-08-09 11:08:13,973 mysql_db.py[line:40] INFO 清除表数据
2019-08-09 11:08:13,984 mysql_db.py[line:51] INFO 插入表数据
2019-08-09 11:08:13,985 mysql_db.py[line:51] INFO 插入表数据
2019-08-09 11:08:13,986 mysql_db.py[line:51] INFO 插入表数据
2019-08-09 11:08:13,987 mysql_db.py[line:51] INFO 插入表数据
2019-08-09 11:08:13,988 mysql_db.py[line:51] INFO 插入表数据
2019-08-09 11:08:13,989 mysql_db.py[line:67] INFO 关闭数据库连接
2019-08-09 11:08:13,989 mysql_db.py[line:69] INFO ======init data finished!=====
2019-08-09 11:08:13,989 test_data.py[line:20] INFO 接口测试开始
2019-08-09 11:08:13,990 test_data.py[line:29] INFO 处理用例数据
2019-08-09 11:08:13,990 data_get.py[line:23] INFO 开始获取数据
2019-08-09 11:08:13,990 data_get.py[line:12] INFO 遍历取出数据
2019-08-09 11:08:13,990 test_data.py[line:45] INFO POST请求
2019-08-09 11:08:13,995 test_data.py[line:54] INFO 断言assertEqual
2019-08-09 11:08:13,995 test_data.py[line:29] INFO 处理用例数据
2019-08-09 11:08:13,995 data_get.py[line:23] INFO 开始获取数据
2019-08-09 11:08:13,995 data_get.py[line:12] INFO 遍历取出数据
2019-08-09 11:08:13,995 test_data.py[line:45] INFO POST请求
2019-08-09 11:08:14,012 test_data.py[line:54] INFO 断言assertEqual
2019-08-09 11:08:14,012 test_data.py[line:29] INFO 处理用例数据
2019-08-09 11:08:14,012 data_get.py[line:23] INFO 开始获取数据
2019-08-09 11:08:14,012 data_get.py[line:12] INFO 遍历取出数据
2019-08-09 11:08:14,012 test_data.py[line:45] INFO POST请求
2019-08-09 11:08:14,019 test_data.py[line:54] INFO 断言assertEqual
2019-08-09 11:08:14,019 test_data.py[line:29] INFO 处理用例数据
2019-08-09 11:08:14,019 data_get.py[line:23] INFO 开始获取数据
2019-08-09 11:08:14,019 data_get.py[line:12] INFO 遍历取出数据
2019-08-09 11:08:14,019 test_data.py[line:45] INFO POST请求
2019-08-09 11:08:14,037 test_data.py[line:51] INFO 断言assertIn
2019-08-09 11:08:14,038 test_data.py[line:29] INFO 处理用例数据
2019-08-09 11:08:14,038 data_get.py[line:23] INFO 开始获取数据
2019-08-09 11:08:14,038 data_get.py[line:12] INFO 遍历取出数据
2019-08-09 11:08:14,038 test_data.py[line:45] INFO POST请求
2019-08-09 11:08:14,057 test_data.py[line:54] INFO 断言assertEqual
2019-08-09 11:08:14,057 test_data.py[line:24] INFO 接口测试结束
2019-08-09 11:08:14,058 send_email.py[line:33] INFO 初始化邮件数据
2019-08-09 11:08:14,058 send_email.py[line:101] INFO 查找最新生成的测试报告
2019-08-09 11:08:14,061 send_email.py[line:42] INFO 发送邮件初始化
2019-08-09 11:08:14,061 send_email.py[line:63] INFO 添加邮件正文
2019-08-09 11:08:14,061 send_email.py[line:76] INFO 添加邮件附件
2019-08-09 11:08:14,061 send_email.py[line:89] INFO 邮件服务器连接
2019-08-09 11:08:15,673 send_email.py[line:95] INFO 邮件发送成功
