2019-08-09 10:30:17,078 mysql_db.py[line:31] INFO ====init data====
2019-08-09 10:30:17,079 mysql_db.py[line:32] INFO 连接数据库
2019-08-09 10:30:17,080 mysql_db.py[line:81] INFO 开始数据处理
2019-08-09 10:30:17,081 mysql_db.py[line:31] INFO ====init data====
2019-08-09 10:30:17,081 mysql_db.py[line:32] INFO 连接数据库
2019-08-09 10:30:17,082 mysql_db.py[line:73] INFO 初始化数据库
2019-08-09 10:30:17,083 mysql_db.py[line:40] INFO 清除表数据
2019-08-09 10:30:17,096 mysql_db.py[line:51] INFO 插入表数据
2019-08-09 10:30:17,098 mysql_db.py[line:51] INFO 插入表数据
2019-08-09 10:30:17,100 mysql_db.py[line:51] INFO 插入表数据
2019-08-09 10:30:17,102 mysql_db.py[line:51] INFO 插入表数据
2019-08-09 10:30:17,104 mysql_db.py[line:51] INFO 插入表数据
2019-08-09 10:30:17,105 mysql_db.py[line:40] INFO 清除表数据
2019-08-09 10:30:17,118 mysql_db.py[line:51] INFO 插入表数据
2019-08-09 10:30:17,119 mysql_db.py[line:51] INFO 插入表数据
2019-08-09 10:30:17,121 mysql_db.py[line:51] INFO 插入表数据
2019-08-09 10:30:17,122 mysql_db.py[line:51] INFO 插入表数据
2019-08-09 10:30:17,124 mysql_db.py[line:51] INFO 插入表数据
2019-08-09 10:30:17,125 mysql_db.py[line:67] INFO 关闭数据库连接
2019-08-09 10:30:17,125 mysql_db.py[line:69] INFO ======init data finished!=====
2019-08-09 10:30:17,126 test_data.py[line:20] INFO 接口测试开始
2019-08-09 10:30:17,126 test_data.py[line:29] INFO 处理用例数据
2019-08-09 10:30:17,126 data_get.py[line:22] INFO 开始获取数据
2019-08-09 10:30:17,126 data_get.py[line:12] INFO 遍历取出数据
2019-08-09 10:30:17,127 test_data.py[line:45] INFO POST请求
2019-08-09 10:30:35,648 test_data.py[line:29] INFO 处理用例数据
2019-08-09 10:30:35,648 data_get.py[line:22] INFO 开始获取数据
2019-08-09 10:30:35,649 data_get.py[line:12] INFO 遍历取出数据
2019-08-09 10:30:35,651 test_data.py[line:29] INFO 处理用例数据
2019-08-09 10:30:35,651 data_get.py[line:22] INFO 开始获取数据
2019-08-09 10:30:35,652 data_get.py[line:12] INFO 遍历取出数据
2019-08-09 10:30:35,653 test_data.py[line:29] INFO 处理用例数据
2019-08-09 10:30:35,653 data_get.py[line:22] INFO 开始获取数据
2019-08-09 10:30:35,654 data_get.py[line:12] INFO 遍历取出数据
2019-08-09 10:30:35,655 test_data.py[line:29] INFO 处理用例数据
2019-08-09 10:30:35,655 data_get.py[line:22] INFO 开始获取数据
2019-08-09 10:30:35,656 data_get.py[line:12] INFO 遍历取出数据
2019-08-09 10:30:35,657 test_data.py[line:24] INFO 接口测试结束
