2019-08-09 15:12:44,583 read_excel.py[line:6] INFO 初始化表格
2019-08-09 15:12:44,603 read_excel.py[line:22] INFO 读取表格数据
2019-08-09 15:12:44,611 mysql_db.py[line:31] INFO ====init data====
2019-08-09 15:12:44,611 mysql_db.py[line:32] INFO 连接数据库
2019-08-09 15:12:44,613 mysql_db.py[line:81] INFO 开始数据处理
2019-08-09 15:12:44,613 mysql_db.py[line:31] INFO ====init data====
2019-08-09 15:12:44,613 mysql_db.py[line:32] INFO 连接数据库
2019-08-09 15:12:44,625 mysql_db.py[line:73] INFO 初始化数据库
2019-08-09 15:12:44,625 mysql_db.py[line:40] INFO 清除表数据
2019-08-09 15:12:44,641 mysql_db.py[line:51] INFO 插入表数据
2019-08-09 15:12:44,642 mysql_db.py[line:51] INFO 插入表数据
2019-08-09 15:12:44,643 mysql_db.py[line:51] INFO 插入表数据
2019-08-09 15:12:44,646 mysql_db.py[line:51] INFO 插入表数据
2019-08-09 15:12:44,648 mysql_db.py[line:51] INFO 插入表数据
2019-08-09 15:12:44,649 mysql_db.py[line:40] INFO 清除表数据
2019-08-09 15:12:44,662 mysql_db.py[line:51] INFO 插入表数据
2019-08-09 15:12:44,663 mysql_db.py[line:51] INFO 插入表数据
2019-08-09 15:12:44,665 mysql_db.py[line:51] INFO 插入表数据
2019-08-09 15:12:44,666 mysql_db.py[line:51] INFO 插入表数据
2019-08-09 15:12:44,667 mysql_db.py[line:51] INFO 插入表数据
2019-08-09 15:12:44,669 mysql_db.py[line:67] INFO 关闭数据库连接
2019-08-09 15:12:44,669 mysql_db.py[line:69] INFO ======init data finished!=====
2019-08-09 15:12:44,669 test_data.py[line:20] INFO 接口测试开始
2019-08-09 15:12:44,669 test_data.py[line:29] INFO 处理用例数据
2019-08-09 15:12:44,669 data_get.py[line:23] INFO 开始获取数据
2019-08-09 15:12:44,670 data_get.py[line:12] INFO 遍历取出数据
2019-08-09 15:12:44,670 test_data.py[line:45] INFO POST请求
2019-08-09 15:12:44,674 test_data.py[line:54] INFO 断言assertEqual
2019-08-09 15:12:44,674 test_data.py[line:29] INFO 处理用例数据
2019-08-09 15:12:44,674 data_get.py[line:23] INFO 开始获取数据
2019-08-09 15:12:44,675 data_get.py[line:12] INFO 遍历取出数据
2019-08-09 15:12:44,675 test_data.py[line:45] INFO POST请求
2019-08-09 15:12:44,681 test_data.py[line:54] INFO 断言assertEqual
2019-08-09 15:12:44,681 test_data.py[line:29] INFO 处理用例数据
2019-08-09 15:12:44,681 data_get.py[line:23] INFO 开始获取数据
2019-08-09 15:12:44,681 data_get.py[line:12] INFO 遍历取出数据
2019-08-09 15:12:44,682 test_data.py[line:45] INFO POST请求
2019-08-09 15:12:44,698 test_data.py[line:54] INFO 断言assertEqual
2019-08-09 15:12:44,699 test_data.py[line:29] INFO 处理用例数据
2019-08-09 15:12:44,699 data_get.py[line:23] INFO 开始获取数据
2019-08-09 15:12:44,699 data_get.py[line:12] INFO 遍历取出数据
2019-08-09 15:12:44,699 test_data.py[line:45] INFO POST请求
2019-08-09 15:12:44,717 test_data.py[line:51] INFO 断言assertIn
2019-08-09 15:12:44,717 test_data.py[line:29] INFO 处理用例数据
2019-08-09 15:12:44,717 data_get.py[line:23] INFO 开始获取数据
2019-08-09 15:12:44,717 data_get.py[line:12] INFO 遍历取出数据
2019-08-09 15:12:44,717 test_data.py[line:45] INFO POST请求
2019-08-09 15:12:44,726 test_data.py[line:54] INFO 断言assertEqual
2019-08-09 15:12:44,726 test_data.py[line:24] INFO 接口测试结束
2019-08-09 15:12:44,726 run_all_test.py[line:26] INFO 生成测试报告
2019-08-09 15:12:44,726 send_email.py[line:33] INFO 初始化邮件数据
2019-08-09 15:12:44,727 send_email.py[line:101] INFO 查找最新生成的测试报告
2019-08-09 15:12:44,729 send_email.py[line:42] INFO 发送邮件初始化
2019-08-09 15:12:44,729 send_email.py[line:63] INFO 添加邮件正文
2019-08-09 15:12:44,730 send_email.py[line:76] INFO 添加邮件附件
2019-08-09 15:12:44,730 send_email.py[line:89] INFO 邮件服务器连接
2019-08-09 15:12:45,512 send_email.py[line:95] INFO 邮件发送成功
