2019-08-08 15:19:55,650 read_excel.py[line:6] INFO 初始化表格
2019-08-08 15:19:55,671 read_excel.py[line:22] INFO 读取表格数据
2019-08-08 15:19:55,672 run_all_test.py[line:84] INFO 构建测试集
2019-08-08 15:19:55,672 run_all_test.py[line:93] INFO 定义测试报告生成格式
2019-08-08 15:19:55,672 run_all_test.py[line:97] INFO 生成测试报告
2019-08-08 15:19:55,673 mysql_db.py[line:31] INFO ====init data====
2019-08-08 15:19:55,673 mysql_db.py[line:32] INFO 连接数据库
2019-08-08 15:19:55,675 mysql_db.py[line:81] INFO 开始数据处理
2019-08-08 15:19:55,675 mysql_db.py[line:31] INFO ====init data====
2019-08-08 15:19:55,675 mysql_db.py[line:32] INFO 连接数据库
2019-08-08 15:19:55,677 mysql_db.py[line:73] INFO 初始化数据库
2019-08-08 15:19:55,677 mysql_db.py[line:40] INFO 清除表数据
2019-08-08 15:19:55,690 mysql_db.py[line:51] INFO 插入表数据
2019-08-08 15:19:55,691 mysql_db.py[line:51] INFO 插入表数据
2019-08-08 15:19:55,693 mysql_db.py[line:51] INFO 插入表数据
2019-08-08 15:19:55,695 mysql_db.py[line:51] INFO 插入表数据
2019-08-08 15:19:55,696 mysql_db.py[line:51] INFO 插入表数据
2019-08-08 15:19:55,697 mysql_db.py[line:40] INFO 清除表数据
2019-08-08 15:19:55,708 mysql_db.py[line:51] INFO 插入表数据
2019-08-08 15:19:55,709 mysql_db.py[line:51] INFO 插入表数据
2019-08-08 15:19:55,711 mysql_db.py[line:51] INFO 插入表数据
2019-08-08 15:19:55,712 mysql_db.py[line:51] INFO 插入表数据
2019-08-08 15:19:55,713 mysql_db.py[line:51] INFO 插入表数据
2019-08-08 15:19:55,714 mysql_db.py[line:67] INFO 关闭数据库连接
2019-08-08 15:19:55,714 mysql_db.py[line:69] INFO ======init data finished!=====
2019-08-08 15:19:55,715 test_data.py[line:19] INFO 接口测试开始
2019-08-08 15:19:55,715 test_data.py[line:28] INFO 处理用例数据
2019-08-08 15:19:55,715 test_data.py[line:53] INFO POST请求
2019-08-08 15:19:55,719 test_data.py[line:62] INFO 断言assertEqual
2019-08-08 15:19:55,719 test_data.py[line:28] INFO 处理用例数据
2019-08-08 15:19:55,720 test_data.py[line:53] INFO POST请求
2019-08-08 15:19:55,737 test_data.py[line:62] INFO 断言assertEqual
2019-08-08 15:19:55,737 test_data.py[line:28] INFO 处理用例数据
2019-08-08 15:19:55,737 test_data.py[line:53] INFO POST请求
2019-08-08 15:19:55,743 test_data.py[line:62] INFO 断言assertEqual
2019-08-08 15:19:55,743 test_data.py[line:28] INFO 处理用例数据
2019-08-08 15:19:55,743 test_data.py[line:53] INFO POST请求
2019-08-08 15:19:55,761 test_data.py[line:59] INFO 断言assertIn
2019-08-08 15:19:55,761 test_data.py[line:28] INFO 处理用例数据
2019-08-08 15:19:55,761 test_data.py[line:53] INFO POST请求
2019-08-08 15:19:55,781 test_data.py[line:62] INFO 断言assertEqual
2019-08-08 15:19:55,781 test_data.py[line:23] INFO 接口测试结束
2019-08-08 15:19:55,782 run_all_test.py[line:74] INFO 查找最新生成的测试报告
2019-08-08 15:19:55,782 run_all_test.py[line:35] INFO 发送测试报告,带附件
