2019-08-09 10:25:10,154 read_excel.py[line:6] INFO 初始化表格
2019-08-09 10:25:10,200 read_excel.py[line:22] INFO 读取表格数据
2019-08-09 10:25:10,217 mysql_db.py[line:31] INFO ====init data====
2019-08-09 10:25:10,217 mysql_db.py[line:32] INFO 连接数据库
2019-08-09 10:25:10,219 mysql_db.py[line:81] INFO 开始数据处理
2019-08-09 10:25:10,219 mysql_db.py[line:31] INFO ====init data====
2019-08-09 10:25:10,220 mysql_db.py[line:32] INFO 连接数据库
2019-08-09 10:25:10,232 mysql_db.py[line:73] INFO 初始化数据库
2019-08-09 10:25:10,232 mysql_db.py[line:40] INFO 清除表数据
2019-08-09 10:25:10,245 mysql_db.py[line:51] INFO 插入表数据
2019-08-09 10:25:10,247 mysql_db.py[line:51] INFO 插入表数据
2019-08-09 10:25:10,250 mysql_db.py[line:51] INFO 插入表数据
2019-08-09 10:25:10,252 mysql_db.py[line:51] INFO 插入表数据
2019-08-09 10:25:10,254 mysql_db.py[line:51] INFO 插入表数据
2019-08-09 10:25:10,256 mysql_db.py[line:40] INFO 清除表数据
2019-08-09 10:25:10,269 mysql_db.py[line:51] INFO 插入表数据
2019-08-09 10:25:10,271 mysql_db.py[line:51] INFO 插入表数据
2019-08-09 10:25:10,273 mysql_db.py[line:51] INFO 插入表数据
2019-08-09 10:25:10,274 mysql_db.py[line:51] INFO 插入表数据
2019-08-09 10:25:10,276 mysql_db.py[line:51] INFO 插入表数据
2019-08-09 10:25:10,278 mysql_db.py[line:67] INFO 关闭数据库连接
2019-08-09 10:25:10,278 mysql_db.py[line:69] INFO ======init data finished!=====
2019-08-09 10:25:10,278 test_data.py[line:20] INFO 接口测试开始
2019-08-09 10:25:10,281 test_data.py[line:29] INFO 处理用例数据
2019-08-09 10:25:23,319 data_get.py[line:22] INFO 开始获取数据
2019-08-09 10:25:23,320 data_get.py[line:12] INFO 遍历取出数据
2019-08-09 10:25:38,139 test_data.py[line:45] INFO POST请求
