2019-08-09 10:32:37,471 read_excel.py[line:6] INFO 初始化表格
2019-08-09 10:32:37,491 read_excel.py[line:22] INFO 读取表格数据
2019-08-09 10:32:37,492 mysql_db.py[line:31] INFO ====init data====
2019-08-09 10:32:37,492 mysql_db.py[line:32] INFO 连接数据库
2019-08-09 10:32:37,494 mysql_db.py[line:81] INFO 开始数据处理
2019-08-09 10:32:37,494 mysql_db.py[line:31] INFO ====init data====
2019-08-09 10:32:37,494 mysql_db.py[line:32] INFO 连接数据库
2019-08-09 10:32:37,505 mysql_db.py[line:73] INFO 初始化数据库
2019-08-09 10:32:37,505 mysql_db.py[line:40] INFO 清除表数据
2019-08-09 10:32:37,519 mysql_db.py[line:51] INFO 插入表数据
2019-08-09 10:32:37,521 mysql_db.py[line:51] INFO 插入表数据
2019-08-09 10:32:37,523 mysql_db.py[line:51] INFO 插入表数据
2019-08-09 10:32:37,525 mysql_db.py[line:51] INFO 插入表数据
2019-08-09 10:32:37,526 mysql_db.py[line:51] INFO 插入表数据
2019-08-09 10:32:37,528 mysql_db.py[line:40] INFO 清除表数据
2019-08-09 10:32:37,540 mysql_db.py[line:51] INFO 插入表数据
2019-08-09 10:32:37,542 mysql_db.py[line:51] INFO 插入表数据
2019-08-09 10:32:37,543 mysql_db.py[line:51] INFO 插入表数据
2019-08-09 10:32:37,545 mysql_db.py[line:51] INFO 插入表数据
2019-08-09 10:32:37,546 mysql_db.py[line:51] INFO 插入表数据
2019-08-09 10:32:37,547 mysql_db.py[line:67] INFO 关闭数据库连接
2019-08-09 10:32:37,548 mysql_db.py[line:69] INFO ======init data finished!=====
2019-08-09 10:32:37,548 test_data.py[line:20] INFO 接口测试开始
2019-08-09 10:32:37,548 test_data.py[line:29] INFO 处理用例数据
2019-08-09 10:32:37,548 data_get.py[line:22] INFO 开始获取数据
2019-08-09 10:32:37,548 data_get.py[line:12] INFO 遍历取出数据
2019-08-09 10:32:37,548 test_data.py[line:45] INFO POST请求
2019-08-09 10:32:37,565 test_data.py[line:54] INFO 断言assertEqual
2019-08-09 10:32:37,565 test_data.py[line:29] INFO 处理用例数据
2019-08-09 10:32:37,565 data_get.py[line:22] INFO 开始获取数据
2019-08-09 10:32:37,566 data_get.py[line:12] INFO 遍历取出数据
2019-08-09 10:32:37,566 test_data.py[line:29] INFO 处理用例数据
2019-08-09 10:32:37,566 data_get.py[line:22] INFO 开始获取数据
2019-08-09 10:32:37,567 data_get.py[line:12] INFO 遍历取出数据
2019-08-09 10:32:37,567 test_data.py[line:29] INFO 处理用例数据
2019-08-09 10:32:37,567 data_get.py[line:22] INFO 开始获取数据
2019-08-09 10:32:37,567 data_get.py[line:12] INFO 遍历取出数据
2019-08-09 10:32:37,568 test_data.py[line:29] INFO 处理用例数据
2019-08-09 10:32:37,568 data_get.py[line:22] INFO 开始获取数据
2019-08-09 10:32:37,568 data_get.py[line:12] INFO 遍历取出数据
2019-08-09 10:32:37,568 test_data.py[line:24] INFO 接口测试结束
