2019-08-09 10:02:18,147 read_excel.py[line:6] INFO 初始化表格
2019-08-09 10:02:18,167 read_excel.py[line:22] INFO 读取表格数据
2019-08-09 10:02:18,175 mysql_db.py[line:31] INFO ====init data====
2019-08-09 10:02:18,175 mysql_db.py[line:32] INFO 连接数据库
2019-08-09 10:02:18,178 mysql_db.py[line:81] INFO 开始数据处理
2019-08-09 10:02:18,178 mysql_db.py[line:31] INFO ====init data====
2019-08-09 10:02:18,178 mysql_db.py[line:32] INFO 连接数据库
2019-08-09 10:02:18,190 mysql_db.py[line:73] INFO 初始化数据库
2019-08-09 10:02:18,190 mysql_db.py[line:40] INFO 清除表数据
2019-08-09 10:02:18,207 mysql_db.py[line:51] INFO 插入表数据
2019-08-09 10:02:18,209 mysql_db.py[line:51] INFO 插入表数据
2019-08-09 10:02:18,210 mysql_db.py[line:51] INFO 插入表数据
2019-08-09 10:02:18,213 mysql_db.py[line:51] INFO 插入表数据
2019-08-09 10:02:18,215 mysql_db.py[line:51] INFO 插入表数据
2019-08-09 10:02:18,217 mysql_db.py[line:40] INFO 清除表数据
2019-08-09 10:02:18,231 mysql_db.py[line:51] INFO 插入表数据
2019-08-09 10:02:18,232 mysql_db.py[line:51] INFO 插入表数据
2019-08-09 10:02:18,234 mysql_db.py[line:51] INFO 插入表数据
2019-08-09 10:02:18,235 mysql_db.py[line:51] INFO 插入表数据
2019-08-09 10:02:18,237 mysql_db.py[line:51] INFO 插入表数据
2019-08-09 10:02:18,239 mysql_db.py[line:67] INFO 关闭数据库连接
2019-08-09 10:02:18,239 mysql_db.py[line:69] INFO ======init data finished!=====
2019-08-09 10:02:18,239 test_data.py[line:20] INFO 接口测试开始
2019-08-09 10:02:18,239 test_data.py[line:29] INFO 处理用例数据
2019-08-09 10:02:18,240 test_data.py[line:29] INFO 处理用例数据
2019-08-09 10:02:18,240 test_data.py[line:29] INFO 处理用例数据
2019-08-09 10:02:18,241 test_data.py[line:29] INFO 处理用例数据
2019-08-09 10:02:18,241 test_data.py[line:29] INFO 处理用例数据
2019-08-09 10:02:18,241 test_data.py[line:24] INFO 接口测试结束
2019-08-09 10:02:18,242 send_email.py[line:33] INFO 初始化邮件数据
2019-08-09 10:02:18,242 send_email.py[line:101] INFO 查找最新生成的测试报告
2019-08-09 10:02:18,243 send_email.py[line:42] INFO 发送邮件初始化
2019-08-09 10:02:18,243 send_email.py[line:63] INFO 添加邮件正文
2019-08-09 10:02:18,244 send_email.py[line:76] INFO 添加邮件附件
2019-08-09 10:02:18,244 send_email.py[line:89] INFO 邮件服务器连接
2019-08-09 10:02:21,570 send_email.py[line:95] INFO 邮件发送成功
